<?xml version="1.0" encoding="UTF-8"?>
<!-- Generated by org.testng.reporters.JUnitReportReporter -->
<testsuite hostname="DESKTOP-9RQ8PI1" failures="0" tests="5" name="testNG.GitHubTestNG" time="13.580" errors="0" timestamp="2021-02-19T10:49:36 NZDT" skipped="0">
  <testcase classname="testNG.GitHubTestNG" name="navigateToGitHub" time="1.293"/>
  <system-out/>
  <testcase classname="testNG.GitHubTestNG" name="loginToGitHub" time="1.748"/>
  <system-out/>
  <testcase classname="testNG.GitHubTestNG" name="createNewRepo" time="3.927"/>
  <system-out/>
  <testcase classname="testNG.GitHubTestNG" name="deleteRepo" time="2.841"/>
  <system-out/>
  <testcase classname="testNG.GitHubTestNG" name="signOutGitHub" time="3.771"/>
  <system-out/>
</testsuite> <!-- testNG.GitHubTestNG -->
