<?xml version="1.0" encoding="UTF-8"?>
<!-- Generated by org.testng.reporters.JUnitReportReporter -->
<testsuite hostname="DESKTOP-9RQ8PI1" failures="0" tests="1" name="POMTestNG.RegisterationTest" time="20.603" errors="0" timestamp="2021-02-20T20:04:14 NZDT" skipped="0">
  <testcase classname="POMTestNG.RegisterationTest" name="Register" time="20.603"/>
  <system-out/>
</testsuite> <!-- POMTestNG.RegisterationTest -->
