<?xml version="1.0" encoding="UTF-8"?>
<!-- Generated by org.testng.reporters.JUnitReportReporter -->
<testsuite hostname="DESKTOP-9RQ8PI1" failures="0" tests="1" name="POMTestNG.FBRegisterTest" time="2.389" errors="0" timestamp="2021-02-21T23:56:46 NZDT" skipped="0">
  <testcase classname="POMTestNG.FBRegisterTest" name="Register" time="2.389"/>
  <system-out/>
</testsuite> <!-- POMTestNG.FBRegisterTest -->
