<?xml version="1.0" encoding="UTF-8"?>
<!-- Generated by org.testng.reporters.JUnitReportReporter -->
<testsuite hostname="DESKTOP-9RQ8PI1" failures="0" tests="1" name="POMTestNG.FBLoginTest" time="5.823" errors="0" timestamp="2021-02-21T23:42:34 NZDT" skipped="0">
  <testcase classname="POMTestNG.FBLoginTest" name="Login" time="5.823"/>
  <system-out/>
</testsuite> <!-- POMTestNG.FBLoginTest -->
