<?xml version="1.0" encoding="UTF-8"?>
<!-- Generated by org.testng.reporters.JUnitReportReporter -->
<testsuite hostname="DESKTOP-9RQ8PI1" failures="0" tests="2" name="POMTestNG.SeekProfieTest" time="8.463" errors="0" timestamp="2021-02-21T23:58:43 NZDT" skipped="0">
  <testcase classname="POMTestNG.SeekProfieTest" name="Login" time="4.136"/>
  <system-out/>
  <testcase classname="POMTestNG.SeekProfieTest" name="LogOut" time="4.327"/>
  <system-out/>
</testsuite> <!-- POMTestNG.SeekProfieTest -->
