<?xml version="1.0" encoding="UTF-8"?>
<!-- Generated by org.testng.reporters.JUnitReportReporter -->
<testsuite hostname="DESKTOP-9RQ8PI1" failures="0" tests="1" name="POMTestNG.SeekRegisterationTest" time="20.065" errors="0" timestamp="2021-02-22T00:02:53 NZDT" skipped="0">
  <testcase classname="POMTestNG.SeekRegisterationTest" name="Register" time="20.065"/>
  <system-out/>
</testsuite> <!-- POMTestNG.SeekRegisterationTest -->
