<?xml version="1.0" encoding="UTF-8"?>
<!-- Generated by org.testng.reporters.JUnitReportReporter -->
<testsuite hostname="DESKTOP-9RQ8PI1" failures="0" tests="7" name="POMTestNG.TradeMeTestAttributes" time="36.746" errors="0" timestamp="2021-02-22T00:04:25 NZDT" skipped="0">
  <testcase classname="POMTestNG.TradeMeTestAttributes" name="initialSetUp" time="7.023"/>
  <system-out/>
  <testcase classname="POMTestNG.TradeMeTestAttributes" name="ClickLogin" time="2.942"/>
  <system-out/>
  <testcase classname="POMTestNG.TradeMeTestAttributes" name="tearDown" time="1.374"/>
  <system-out/>
  <testcase classname="POMTestNG.TradeMeTestAttributes" name="ClickRegistration" time="6.658"/>
  <system-out/>
  <testcase classname="POMTestNG.TradeMeTestAttributes" name="SearchSomething" time="10.203"/>
  <system-out/>
  <testcase classname="POMTestNG.TradeMeTestAttributes" name="displayCart" time="8.493"/>
  <system-out/>
  <testcase classname="POMTestNG.TradeMeTestAttributes" name="navigateToWebPage" time="0.053"/>
  <system-out/>
</testsuite> <!-- POMTestNG.TradeMeTestAttributes -->
