<?xml version="1.0" encoding="UTF-8"?>
<!-- Generated by org.testng.reporters.JUnitReportReporter -->
<testsuite hostname="DESKTOP-9RQ8PI1" failures="0" tests="5" name="testNG.SampleTestNg" time="17.097" errors="0" timestamp="2021-02-19T10:22:21 NZDT" skipped="0">
  <testcase classname="testNG.SampleTestNg" name="navigateToGitHub" time="1.552"/>
  <system-out/>
  <testcase classname="testNG.SampleTestNg" name="loginToGitHub" time="2.344"/>
  <system-out/>
  <testcase classname="testNG.SampleTestNg" name="createNewRepo" time="4.231"/>
  <system-out/>
  <testcase classname="testNG.SampleTestNg" name="deleteRepo" time="3.312"/>
  <system-out/>
  <testcase classname="testNG.SampleTestNg" name="signOutGitHub" time="5.658"/>
  <system-out/>
</testsuite> <!-- testNG.SampleTestNg -->
