<?xml version="1.0" encoding="UTF-8"?>
<!-- Generated by org.testng.reporters.JUnitReportReporter -->
<testsuite hostname="DESKTOP-9RQ8PI1" failures="0" tests="1" name="POMTestNG.FBRegisterTestLevelParameterTest" time="2.517" errors="0" timestamp="2021-02-21T10:36:26 NZDT" skipped="0">
  <testcase classname="POMTestNG.FBRegisterTestLevelParameterTest" name="Register" time="2.517"/>
  <system-out/>
</testsuite> <!-- POMTestNG.FBRegisterTestLevelParameterTest -->
